<?xml version="1.0" encoding="UTF-8"?>
<!-- Generated by org.testng.reporters.JUnitReportReporter -->
<testsuite skipped="0" hostname="DESKTOP-HS68FTR" name="com.ibm.FST_TestNG.DemoOne" tests="2" failures="0" timestamp="2022-04-21T22:13:44 IST" time="0.023" errors="0">
  <testcase name="secondTestCase" time="0.001" classname="com.ibm.FST_TestNG.DemoOne"/>
  <system-out/>
  <testcase name="firstTestCase" time="0.022" classname="com.ibm.FST_TestNG.DemoOne"/>
  <system-out/>
</testsuite> <!-- com.ibm.FST_TestNG.DemoOne -->
