<?xml version="1.0" encoding="UTF-8"?>
<!-- Generated by org.testng.reporters.JUnitReportReporter -->
<testsuite skipped="0" hostname="DESKTOP-HS68FTR" name="com.ibm.FST_TestNG.DemoTwo" tests="1" failures="0" timestamp="2022-04-21T22:13:44 IST" time="0.021" errors="0">
  <testcase name="TestCase" time="0.021" classname="com.ibm.FST_TestNG.DemoTwo"/>
  <system-out/>
</testsuite> <!-- com.ibm.FST_TestNG.DemoTwo -->
